<?xml version="1.0" encoding="UTF-8"?>
<testsuite name="CanAccessAndSignUpTest" skipped="0" failures="0" errors="1" tests="2" assertions="1" time="0.45593809899992266">
  <testcase name="test_can_access_sign_up" classname="CanAccessAndSignUpTest" assertions="1" time="0.44548606900002596">
  </testcase>
  <testcase name="test_can_sign_up" classname="CanAccessAndSignUpTest" assertions="0" time="0.010452029999896695">
    <error type="test_can_sign_up" message="Capybara::ElementNotFound: Unable to find field &quot;companyname&quot;...">
Failure:
test_can_sign_up(CanAccessAndSignUpTest) [/home/niki/.rvm/gems/ruby-2.3.1/gems/capybara-2.7.1/lib/capybara/node/finders.rb:44]:
Capybara::ElementNotFound: Unable to find field "companyname"
    test/features/can_access_and_sign_up_test.rb:12:in `block in &lt;class:CanAccessAndSignUpTest&gt;'
    </error>
  </testcase>
</testsuite>
